<?xml version="1.0" encoding="UTF-8"?>
<testsuite xmlns:xsi="http://www.w3.org/2001/XMLSchema-instance" xsi:noNamespaceSchemaLocation="https://maven.apache.org/surefire/maven-surefire-plugin/xsd/surefire-test-report.xsd" version="3.0.2" name="com.qgdaluta.inteface_check_in.IntefaceCheckInApplicationTests" time="14.356" tests="1" errors="0" skipped="0" failures="0">
  <properties>
[...]
</properties>
  <testcase name="contextLoads" classname="com.qgdaluta.inteface_check_in.IntefaceCheckInApplicationTests" time="3.181">
    <system-out><![CDATA[17:39:58.859 [main] INFO org.springframework.test.context.support.AnnotationConfigContextLoaderUtils -- Could not detect default configuration classes for test class [com.qgdaluta.inteface_check_in.IntefaceCheckInApplicationTests]: IntefaceCheckInApplicationTests does not declare any static, non-private, non-final, nested classes annotated with @Configuration.
17:39:59.569 [main] INFO org.springframework.boot.test.context.SpringBootTestContextBootstrapper -- Found @SpringBootConfiguration com.qgdaluta.inteface_check_in.IntefaceCheckInApplication for test class com.qgdaluta.inteface_check_in.IntefaceCheckInApplicationTests
17:40:00.620 [main] INFO org.springframework.boot.devtools.restart.RestartApplicationListener -- Restart disabled due to context in which it is running

  .   ____          _            __ _ _
 /\\ / ___'_ __ _ _(_)_ __  __ _ \ \ \ \
( ( )\___ | '_ | '_| | '_ \/ _` | \ \ \ \
 \\/  ___)| |_)| | | | | || (_| |  ) ) ) )
  '  |____| .__|_| |_|_| |_\__, | / / / /
 =========|_|==============|___/=/_/_/_/

 :: Spring Boot ::                (v3.4.4)

2025-04-16T17:40:01.924-03:00  INFO 13264 --- [inteface_check_in] [           main] c.q.i.IntefaceCheckInApplicationTests    : Starting IntefaceCheckInApplicationTests using Java 17.0.12 with PID 13264 (started by igorn in c:\Users\igorn\Documents\Vscode Projetos\Check-in-App-for-Jiu-Jitsu-Academies)
2025-04-16T17:40:01.930-03:00  INFO 13264 --- [inteface_check_in] [           main] c.q.i.IntefaceCheckInApplicationTests    : No active profile set, falling back to 1 default profile: "default"
2025-04-16T17:40:07.818-03:00  INFO 13264 --- [inteface_check_in] [           main] o.s.v.b.OptionalValidatorFactoryBean     : Failed to set up a Bean Validation provider: jakarta.validation.NoProviderFoundException: Unable to create a Configuration, because no Jakarta Bean Validation provider could be found. Add a provider like Hibernate Validator (RI) to your classpath.
2025-04-16T17:40:09.237-03:00  INFO 13264 --- [inteface_check_in] [           main] c.q.i.IntefaceCheckInApplicationTests    : Started IntefaceCheckInApplicationTests in 8.658 seconds (process running for 12.895)
]]></system-out>
  </testcase>
</testsuite>